<?xml version="1.0" encoding="UTF-8"?>
<testng-results total="4" passed="4" failed="0" skipped="0">
  <reporter-output>
  </reporter-output>
  <suite started-at="2025-09-04T17:52:16Z" name="Test Suite for Buildout" finished-at="2025-09-04T17:53:39Z" duration-ms="83084">
    <groups>
    </groups>
    <test started-at="2025-09-04T17:52:16Z" name="Test Cases for Buildout" finished-at="2025-09-04T17:53:39Z" duration-ms="83084">
      <class name="demo.TestCases">
        <test-method is-config="true" signature="startBrowser()[pri:0, instance:demo.TestCases@3f91b517]" started-at="2025-09-04T23:22:16Z" name="startBrowser" finished-at="2025-09-04T23:22:20Z" duration-ms="3334" status="PASS">
          <reporter-output>
          </reporter-output>
        </test-method> <!-- startBrowser -->
        <test-method signature="testCase01()[pri:0, instance:demo.TestCases@3f91b517]" started-at="2025-09-04T23:22:20Z" name="testCase01" finished-at="2025-09-04T23:22:29Z" duration-ms="9522" status="PASS">
          <reporter-output>
          </reporter-output>
        </test-method> <!-- testCase01 -->
        <test-method signature="testCase02()[pri:0, instance:demo.TestCases@3f91b517]" started-at="2025-09-04T23:22:29Z" name="testCase02" finished-at="2025-09-04T23:23:06Z" duration-ms="36570" status="PASS">
          <reporter-output>
          </reporter-output>
        </test-method> <!-- testCase02 -->
        <test-method signature="testCase03()[pri:0, instance:demo.TestCases@3f91b517]" started-at="2025-09-04T23:23:06Z" name="testCase03" finished-at="2025-09-04T23:23:14Z" duration-ms="8109" status="PASS">
          <reporter-output>
          </reporter-output>
        </test-method> <!-- testCase03 -->
        <test-method signature="testCase04()[pri:0, instance:demo.TestCases@3f91b517]" started-at="2025-09-04T23:23:14Z" name="testCase04" finished-at="2025-09-04T23:23:38Z" duration-ms="24678" status="PASS">
          <reporter-output>
          </reporter-output>
        </test-method> <!-- testCase04 -->
        <test-method is-config="true" signature="endTest()[pri:0, instance:demo.TestCases@3f91b517]" started-at="2025-09-04T23:23:38Z" name="endTest" finished-at="2025-09-04T23:23:39Z" duration-ms="853" status="PASS">
          <reporter-output>
          </reporter-output>
        </test-method> <!-- endTest -->
      </class> <!-- demo.TestCases -->
    </test> <!-- Test Cases for Buildout -->
  </suite> <!-- Test Suite for Buildout -->
</testng-results>
